app/build/intermediates/manifest_merge_blame_file/debug/manifest-merger-blame-debug-report.txt
1<?xml version="1.0" encoding="utf-8"?>
2<manifest xmlns:android="http://schemas.android.com/apk/res/android"
3    package="bd.dof.groupmessenger.groupmessengerforfishermen"
4    android:versionCode="2"
5    android:versionName="1.0" >
6
7    <uses-sdk
8        android:minSdkVersion="19"
8-->src/main/AndroidManifest.xml
9        android:targetSdkVersion="29" />
9-->src/main/AndroidManifest.xml
10
11    <uses-permission android:name="android.permission.READ_CALENDAR" />
11-->src/main/AndroidManifest.xml:5:5-72
11-->src/main/AndroidManifest.xml:5:22-69
12    <uses-permission android:name="android.permission.WRITE_CALENDAR" />
12-->src/main/AndroidManifest.xml:6:5-73
12-->src/main/AndroidManifest.xml:6:22-70
13    <uses-permission android:name="android.permission.READ_PHONE_STATE" />
13-->src/main/AndroidManifest.xml:7:5-75
13-->src/main/AndroidManifest.xml:7:22-72
14    <uses-permission android:name="android.permission.READ_CONTACTS" />
14-->src/main/AndroidManifest.xml:8:5-72
14-->src/main/AndroidManifest.xml:8:22-69
15    <uses-permission android:name="android.permission.WRITE_CONTACTS" />
15-->src/main/AndroidManifest.xml:9:5-73
15-->src/main/AndroidManifest.xml:9:22-70
16    <uses-permission android:name="android.permission.WRITE_EXTERNAL_STORAGE" />
16-->src/main/AndroidManifest.xml:10:5-81
16-->src/main/AndroidManifest.xml:10:22-78
17    <uses-permission android:name="android.permission.INTERNET" />
17-->src/main/AndroidManifest.xml:11:5-67
17-->src/main/AndroidManifest.xml:11:22-64
18    <uses-permission android:name="android.permission.ACCESS_NETWORK_STATE" />
18-->src/main/AndroidManifest.xml:12:5-79
18-->src/main/AndroidManifest.xml:12:22-76
19    <uses-permission android:name="android.permission.RECEIVE_BOOT_COMPLETED" />
19-->src/main/AndroidManifest.xml:13:5-81
19-->src/main/AndroidManifest.xml:13:22-78
20    <uses-permission android:name="android.permission.WAKE_LOCK" />
20-->src/main/AndroidManifest.xml:14:5-68
20-->src/main/AndroidManifest.xml:14:22-65
21    <uses-permission android:name="android.permission.EXPAND_STATUS_BAR" />
21-->src/main/AndroidManifest.xml:15:5-76
21-->src/main/AndroidManifest.xml:15:22-73
22    <uses-permission android:name="android.permission.READ_EXTERNAL_STORAGE" />
22-->[com.github.angads25:filepicker:1.1.1] AndroidManifest.xml:11:5-80
22-->[com.github.angads25:filepicker:1.1.1] AndroidManifest.xml:11:22-77
23
24    <application
24-->src/main/AndroidManifest.xml:17:5-116:19
25        android:name="androidx.multidex.MultiDexApplication"
26        android:allowBackup="true"
26-->src/main/AndroidManifest.xml:18:9-35
27        android:appComponentFactory="androidx.core.app.CoreComponentFactory"
27-->[androidx.core:core:1.3.1] AndroidManifest.xml:24:18-86
28        android:debuggable="true"
29        android:icon="@drawable/icon"
29-->src/main/AndroidManifest.xml:19:9-38
30        android:label="@string/app_name"
30-->src/main/AndroidManifest.xml:20:9-41
31        android:largeHeap="true"
31-->src/main/AndroidManifest.xml:21:9-33
32        android:testOnly="true"
33        android:theme="@style/AppTheme" >
33-->src/main/AndroidManifest.xml:22:9-40
34        <activity android:name="bd.dof.groupmessenger.groupmessengerforfishermen.NewDesign.ProfileActivity" />
34-->src/main/AndroidManifest.xml:23:9-72
34-->src/main/AndroidManifest.xml:23:19-60
35        <activity android:name="bd.dof.groupmessenger.groupmessengerforfishermen.NewDesign.ComingSoonActivity" />
35-->src/main/AndroidManifest.xml:24:9-66
35-->src/main/AndroidManifest.xml:24:19-63
36        <activity android:name="bd.dof.groupmessenger.groupmessengerforfishermen.NewDesign.BaboharbidiActivity" />
36-->src/main/AndroidManifest.xml:25:9-67
36-->src/main/AndroidManifest.xml:25:19-64
37        <activity android:name="bd.dof.groupmessenger.groupmessengerforfishermen.NewDesign.SotorkotaActivity" />
37-->src/main/AndroidManifest.xml:26:9-65
37-->src/main/AndroidManifest.xml:26:19-62
38        <activity android:name="bd.dof.groupmessenger.groupmessengerforfishermen.NewDesign.HomeScreenActivity" />
38-->src/main/AndroidManifest.xml:27:9-66
38-->src/main/AndroidManifest.xml:27:19-63
39        <activity android:name="bd.dof.groupmessenger.groupmessengerforfishermen.NewDesign.EditUserActivity" />
39-->src/main/AndroidManifest.xml:28:9-64
39-->src/main/AndroidManifest.xml:28:19-61
40        <activity android:name="bd.dof.groupmessenger.groupmessengerforfishermen.NewDesign.ChasiOnusandhanActivity" />
40-->src/main/AndroidManifest.xml:29:9-71
40-->src/main/AndroidManifest.xml:29:19-68
41        <activity android:name="bd.dof.groupmessenger.groupmessengerforfishermen.NewDesign.KhudebartaActivity" />
41-->src/main/AndroidManifest.xml:30:9-66
41-->src/main/AndroidManifest.xml:30:19-63
42        <activity android:name="bd.dof.groupmessenger.groupmessengerforfishermen.MainActivity" />
42-->src/main/AndroidManifest.xml:31:9-50
42-->src/main/AndroidManifest.xml:31:19-47
43        <activity android:name="bd.dof.groupmessenger.groupmessengerforfishermen.PhoneNumberValidation" />
43-->src/main/AndroidManifest.xml:32:9-59
43-->src/main/AndroidManifest.xml:32:19-56
44        <activity
44-->src/main/AndroidManifest.xml:33:9-36:52
45            android:name="bd.dof.groupmessenger.groupmessengerforfishermen.NewDesign.LoginActivity"
45-->src/main/AndroidManifest.xml:34:13-52
46            android:label="@string/app_name"
46-->src/main/AndroidManifest.xml:35:13-45
47            android:screenOrientation="portrait" />
47-->src/main/AndroidManifest.xml:36:13-49
48        <activity
48-->src/main/AndroidManifest.xml:37:9-40:52
49            android:name="bd.dof.groupmessenger.groupmessengerforfishermen.GroupSmsAreaSelection"
49-->src/main/AndroidManifest.xml:38:13-50
50            android:label="@string/title_activity_group_sms_area_selection"
50-->src/main/AndroidManifest.xml:39:13-76
51            android:screenOrientation="portrait" />
51-->src/main/AndroidManifest.xml:40:13-49
52        <activity
52-->src/main/AndroidManifest.xml:41:9-44:52
53            android:name="bd.dof.groupmessenger.groupmessengerforfishermen.GroupSmsFarmingCategory"
53-->src/main/AndroidManifest.xml:42:13-52
54            android:label="@string/title_activity_group_sms_farming_category"
54-->src/main/AndroidManifest.xml:43:13-78
55            android:screenOrientation="portrait" />
55-->src/main/AndroidManifest.xml:44:13-49
56        <activity
56-->src/main/AndroidManifest.xml:45:9-48:52
57            android:name="bd.dof.groupmessenger.groupmessengerforfishermen.GroupSmsTemplateSelection"
57-->src/main/AndroidManifest.xml:46:13-54
58            android:label="@string/title_activity_group_sms_template_selection"
58-->src/main/AndroidManifest.xml:47:13-80
59            android:screenOrientation="portrait" />
59-->src/main/AndroidManifest.xml:48:13-49
60        <activity
60-->src/main/AndroidManifest.xml:49:9-53:52
61            android:name="bd.dof.groupmessenger.groupmessengerforfishermen.GroupSmsNewMessage"
61-->src/main/AndroidManifest.xml:50:13-47
62            android:label="@string/title_activity_group_sms_new_message"
62-->src/main/AndroidManifest.xml:51:13-73
63            android:noHistory="true"
63-->src/main/AndroidManifest.xml:52:13-37
64            android:screenOrientation="portrait" />
64-->src/main/AndroidManifest.xml:53:13-49
65        <activity
65-->src/main/AndroidManifest.xml:54:9-57:52
66            android:name="bd.dof.groupmessenger.groupmessengerforfishermen.AddFarmerPersonalInformation"
66-->src/main/AndroidManifest.xml:55:13-57
67            android:label="@string/title_activity_add_farmer_personal_information"
67-->src/main/AndroidManifest.xml:56:13-83
68            android:screenOrientation="portrait" />
68-->src/main/AndroidManifest.xml:57:13-49
69        <activity
69-->src/main/AndroidManifest.xml:58:9-60:52
70            android:name="bd.dof.groupmessenger.groupmessengerforfishermen.groupsmsfilter"
70-->src/main/AndroidManifest.xml:59:13-43
71            android:screenOrientation="portrait" />
71-->src/main/AndroidManifest.xml:60:13-49
72        <activity
72-->src/main/AndroidManifest.xml:61:9-63:52
73            android:name="bd.dof.groupmessenger.groupmessengerforfishermen.GroupSmsSending"
73-->src/main/AndroidManifest.xml:62:13-44
74            android:screenOrientation="portrait" />
74-->src/main/AndroidManifest.xml:63:13-49
75        <activity
75-->src/main/AndroidManifest.xml:64:9-66:67
76            android:name="bd.dof.groupmessenger.groupmessengerforfishermen.farmerSearchActivity"
76-->src/main/AndroidManifest.xml:65:13-49
77            android:windowSoftInputMode="stateHidden|adjustPan" />
77-->src/main/AndroidManifest.xml:66:13-64
78        <activity
78-->src/main/AndroidManifest.xml:67:9-70:52
79            android:name="bd.dof.groupmessenger.groupmessengerforfishermen.AddUpdateUser"
79-->src/main/AndroidManifest.xml:68:13-42
80            android:label="@string/title_activity_add_update_user"
80-->src/main/AndroidManifest.xml:69:13-67
81            android:screenOrientation="portrait" />
81-->src/main/AndroidManifest.xml:70:13-49
82        <activity
82-->src/main/AndroidManifest.xml:71:9-73:67
83            android:name="bd.dof.groupmessenger.groupmessengerforfishermen.AddTemplate"
83-->src/main/AndroidManifest.xml:72:13-40
84            android:label="@string/title_activity_add_template" />
84-->src/main/AndroidManifest.xml:73:13-64
85        <activity
85-->src/main/AndroidManifest.xml:74:9-77:52
86            android:name="bd.dof.groupmessenger.groupmessengerforfishermen.InventorInformation"
86-->src/main/AndroidManifest.xml:75:13-48
87            android:label="@string/title_activity_inventor_information"
87-->src/main/AndroidManifest.xml:76:13-72
88            android:screenOrientation="portrait" />
88-->src/main/AndroidManifest.xml:77:13-49
89        <activity
89-->src/main/AndroidManifest.xml:78:9-80:52
90            android:name="bd.dof.groupmessenger.groupmessengerforfishermen.recpiant_limit"
90-->src/main/AndroidManifest.xml:79:13-43
91            android:screenOrientation="portrait" />
91-->src/main/AndroidManifest.xml:80:13-49
92
93        <service
93-->src/main/AndroidManifest.xml:82:9-85:39
94            android:name="bd.dof.groupmessenger.groupmessengerforfishermen.ForegroundService"
94-->src/main/AndroidManifest.xml:83:13-46
95            android:enabled="true"
95-->src/main/AndroidManifest.xml:84:13-35
96            android:exported="true" />
96-->src/main/AndroidManifest.xml:85:13-36
97
98        <activity android:name="bd.dof.groupmessenger.groupmessengerforfishermen.fishFarming" />
98-->src/main/AndroidManifest.xml:87:9-49
98-->src/main/AndroidManifest.xml:87:19-46
99        <activity android:name="bd.dof.groupmessenger.groupmessengerforfishermen.pona_mojud" />
99-->src/main/AndroidManifest.xml:88:9-48
99-->src/main/AndroidManifest.xml:88:19-45
100        <activity android:name="bd.dof.groupmessenger.groupmessengerforfishermen.khaddo_prooig" />
100-->src/main/AndroidManifest.xml:89:9-51
100-->src/main/AndroidManifest.xml:89:19-48
101        <activity android:name="bd.dof.groupmessenger.groupmessengerforfishermen.Protein_base_food" />
101-->src/main/AndroidManifest.xml:90:9-55
101-->src/main/AndroidManifest.xml:90:19-52
102        <activity
102-->src/main/AndroidManifest.xml:91:9-93:67
103            android:name="bd.dof.groupmessenger.groupmessengerforfishermen.AgeWiseFood"
103-->src/main/AndroidManifest.xml:92:13-40
104            android:windowSoftInputMode="stateHidden|adjustPan" />
104-->src/main/AndroidManifest.xml:93:13-64
105        <activity android:name="bd.dof.groupmessenger.groupmessengerforfishermen.NewDesign.SplashScreenActivity" >
105-->src/main/AndroidManifest.xml:94:9-100:20
105-->src/main/AndroidManifest.xml:94:19-65
106            <intent-filter>
106-->src/main/AndroidManifest.xml:95:13-99:29
107                <action android:name="android.intent.action.MAIN" />
107-->src/main/AndroidManifest.xml:96:17-69
107-->src/main/AndroidManifest.xml:96:25-66
108
109                <category android:name="android.intent.category.LAUNCHER" />
109-->src/main/AndroidManifest.xml:98:17-77
109-->src/main/AndroidManifest.xml:98:27-74
110            </intent-filter>
111        </activity>
112        <activity android:name="bd.dof.groupmessenger.groupmessengerforfishermen.disease" />
112-->src/main/AndroidManifest.xml:101:9-45
112-->src/main/AndroidManifest.xml:101:19-42
113        <activity android:name="bd.dof.groupmessenger.groupmessengerforfishermen.diseaseDetails" />
113-->src/main/AndroidManifest.xml:102:9-52
113-->src/main/AndroidManifest.xml:102:19-49
114        <!--
115 ATTENTION: This was auto-generated to add Google Play services to your project for
116     App Indexing.  See https://g.co/AppIndexing/AndroidStudio for more information.
117        -->
118        <meta-data
118-->src/main/AndroidManifest.xml:107:9-109:69
119            android:name="com.google.android.gms.version"
119-->src/main/AndroidManifest.xml:108:13-58
120            android:value="@integer/google_play_services_version" />
120-->src/main/AndroidManifest.xml:109:13-66
121
122        <activity android:name="bd.dof.groupmessenger.groupmessengerforfishermen.ppm_formula" />
122-->src/main/AndroidManifest.xml:111:9-49
122-->src/main/AndroidManifest.xml:111:19-46
123        <activity android:name="bd.dof.groupmessenger.groupmessengerforfishermen.fertilizer_formula" />
123-->src/main/AndroidManifest.xml:112:9-56
123-->src/main/AndroidManifest.xml:112:19-53
124        <activity android:name="bd.dof.groupmessenger.groupmessengerforfishermen.KhetrofolFormula" />
124-->src/main/AndroidManifest.xml:113:9-54
124-->src/main/AndroidManifest.xml:113:19-51
125        <activity android:name="bd.dof.groupmessenger.groupmessengerforfishermen.AreaFormula" />
125-->src/main/AndroidManifest.xml:114:9-49
125-->src/main/AndroidManifest.xml:114:19-46
126        <activity android:name="bd.dof.groupmessenger.groupmessengerforfishermen.Setting" />
126-->src/main/AndroidManifest.xml:115:9-45
126-->src/main/AndroidManifest.xml:115:19-42
127    </application>
128
129</manifest>